2026-03-16 23:09:19.483716 - Inicio ETL
2026-03-16 23:09:19.484353 - Descargando archivo
2026-03-16 23:09:22.330318 - Archivo descargado: ventas_16032026.csv
2026-03-16 23:09:22.356925 - Filas leidas: 10000
2026-03-16 23:09:23.012087 - Conexion OK
2026-03-16 23:09:26.731174 - COPY ejecutado
2026-03-16 23:09:26.731700 - Fin ETL
2026-03-16 23:47:45.838278 - Inicio ETL
2026-03-16 23:47:45.838518 - Descargando archivo
2026-03-16 23:47:48.839005 - Archivo descargado: ventas_16032026.csv
2026-03-16 23:47:48.868902 - Filas leidas: 10000
2026-03-16 23:47:49.627832 - Conexion OK
2026-03-16 23:47:52.973938 - COPY ejecutado
2026-03-16 23:47:52.974138 - Fin ETL
2026-03-16 23:51:41.808784 - Inicio ETL
2026-03-16 23:51:41.808952 - Descargando archivo
2026-03-16 23:51:44.785100 - Archivo descargado: ventas_16032026.csv
2026-03-16 23:51:44.813064 - Filas leidas: 10000
2026-03-16 23:51:45.577526 - Conexion OK
2026-03-16 23:51:48.357662 - COPY ejecutado
2026-03-16 23:51:48.358125 - Fin ETL
2026-03-16 23:52:23.947074 - Inicio ETL
2026-03-16 23:52:23.947243 - Descargando archivo
2026-03-16 23:52:26.667641 - Archivo descargado: ventas_16032026.csv
2026-03-16 23:52:26.696019 - Filas leidas: 10000
2026-03-16 23:52:27.382272 - Conexion OK
2026-03-16 23:52:28.487958 - COPY ejecutado
2026-03-16 23:52:28.488538 - Fin ETL
2026-03-16 23:57:58.472295 - Inicio ETL3
2026-03-16 23:58:00.914501 - Filas leidas: 80000
2026-03-17 00:02:13.343552 - Inicio ETL3
2026-03-17 00:02:15.872117 - Filas leidas: 80000
2026-03-17 00:02:18.799040 - Modelo entrenado
2026-03-17 00:02:18.852865 - Prediccion generada
2026-03-17 00:03:53.528474 - Inicio ETL3
2026-03-17 00:03:55.929319 - Filas leidas: 80000
2026-03-17 00:03:56.034739 - Modelo entrenado
2026-03-17 00:03:56.093249 - Prediccion generada
2026-03-17 00:03:56.994106 - COPY gold OK
2026-03-19 20:31:03.656558 - Inicio ETL
2026-03-19 20:31:03.656734 - Descargando archivo
2026-03-19 20:31:08.504802 - Archivo descargado: ventas_16032026.csv
2026-03-19 20:31:08.569248 - Filas leidas: 10000
2026-03-19 20:31:09.822355 - Conexion OK
2026-03-19 20:31:11.958150 - COPY ejecutado
2026-03-19 20:31:11.958377 - Fin ETL
2026-03-19 20:49:17.960676 - Inicio ETL
2026-03-19 20:49:17.960887 - Descargando archivo
2026-03-19 20:49:22.399115 - Archivo descargado: ventas_16032026.csv
2026-03-19 20:49:22.428831 - Filas leidas: 10000
2026-03-19 20:49:23.217509 - Conexion OK
2026-03-19 20:49:26.134299 - COPY ejecutado
2026-03-19 20:49:26.134455 - Fin ETL
2026-03-25 07:50:11.991884 - Inicio ETL
2026-03-25 07:50:11.995037 - Descargando archivo
2026-03-25 07:50:15.105906 - Archivo descargado: ventas_16032026.csv
2026-03-25 07:50:15.169917 - Filas leidas: 10000
2026-03-25 07:50:16.267582 - Conexion OK
2026-03-25 07:50:18.716210 - COPY ejecutado
2026-03-25 07:50:18.716359 - Fin ETL
2026-03-25 08:39:45.880516 - Inicio ETL
2026-03-25 08:39:45.881155 - Descargando archivo
2026-03-25 08:39:50.334308 - Archivo descargado: ventas_16032026.csv
2026-03-25 08:39:50.362162 - Filas leidas: 10000
2026-03-25 08:39:51.201569 - Conexion OK
2026-03-25 08:39:52.827217 - COPY ejecutado
2026-03-25 08:39:52.827369 - Fin ETL
2026-03-25 08:44:43.737185 - Inicio ETL
2026-03-25 08:44:43.737456 - Descargando archivo
2026-03-25 08:44:46.523583 - Archivo descargado: ventas_16032026.csv
2026-03-25 08:44:46.549881 - Filas leidas: 10000
2026-03-25 08:44:47.349607 - Conexion OK
2026-03-25 08:44:49.760778 - COPY ejecutado
2026-03-25 08:44:49.760977 - Fin ETL
2026-03-25 08:53:37.717946 - Inicio ETL
2026-03-25 08:53:37.718230 - Descargando archivo
2026-03-25 08:53:42.861619 - Archivo descargado: ventas_16032026.csv
2026-03-25 08:53:42.888427 - Filas leidas: 10000
2026-03-25 08:53:43.717522 - Conexion OK
2026-03-25 08:53:47.043472 - COPY ejecutado
2026-03-25 08:53:47.043634 - Fin ETL
2026-03-25 08:55:02.582190 - Inicio ETL1
2026-03-25 23:39:52.260299 - Inicio ETL1
2026-03-31 22:26:19.513823 - Inicio ETL3
2026-03-31 22:26:21.639076 - Filas leidas: 10000
2026-03-31 22:26:22.089341 - Modelo entrenado
2026-03-31 22:26:22.153904 - Prediccion generada
2026-03-31 22:58:30.595978 - Inicio ETL3 GOLD
2026-03-31 23:28:19.112695 - Inicio ETL3 GOLD
2026-03-31 23:28:44.338461 - Inicio ETL3 GOLD
2026-03-31 23:29:06.031737 - Inicio ETL1
2026-04-01 00:12:30.349783 - Inicio ETL3 GOLD
2026-04-02 22:55:24.336499 - Inicio ETL3 GOLD
2026-04-02 22:57:16.583140 - Inicio ETL1
2026-04-02 22:58:10.416106 - Inicio ETL1
2026-04-02 23:07:48.090819 - Inicio ETL3 GOLD
2026-04-02 23:32:57.647543 - Inicio ETL1
2026-04-02 23:40:40.493015 - Inicio ETL3 GOLD
